app/build/intermediates/manifest_merge_blame_file/debug/processDebugMainManifest/manifest-merger-blame-debug-report.txt
1<?xml version="1.0" encoding="utf-8"?>
2<manifest xmlns:android="http://schemas.android.com/apk/res/android"
3    package="com.example.secureafenceclient"
4    android:versionCode="1"
5    android:versionName="1.0" >
6
7    <uses-sdk
7-->INJECTED
8        android:minSdkVersion="24"
8-->INJECTED
9        android:targetSdkVersion="34" />
9-->INJECTED
10
11    <uses-permission android:name="android.permission.INTERNET" />
11-->src\main\AndroidManifest.xml:4:5-67
11-->src\main\AndroidManifest.xml:4:22-64
12
13    <!-- See https://developer.android.com/training/package-visibility/declaring for more details. -->
14    <queries>
14-->[com.stripe:payments-core:20.38.0] AndroidManifest.xml:8:5-12:15
15
16        <!-- Added to check if Chrome is installed for browser-based payment authentication (e.g. 3DS1). -->
17        <package android:name="com.android.chrome" />
17-->[com.stripe:payments-core:20.38.0] AndroidManifest.xml:11:9-54
17-->[com.stripe:payments-core:20.38.0] AndroidManifest.xml:11:18-51
18        <!-- Needs to be explicitly declared on Android R+ -->
19        <package android:name="com.google.android.apps.maps" />
19-->[com.google.android.gms:play-services-maps:18.0.2] AndroidManifest.xml:33:9-64
19-->[com.google.android.gms:play-services-maps:18.0.2] AndroidManifest.xml:33:18-61
20    </queries> <!-- Include required permissions for Google Maps API to run. -->
21    <uses-permission android:name="android.permission.ACCESS_NETWORK_STATE" />
21-->[com.google.android.gms:play-services-maps:18.0.2] AndroidManifest.xml:23:5-79
21-->[com.google.android.gms:play-services-maps:18.0.2] AndroidManifest.xml:23:22-76
22
23    <uses-feature
23-->[com.google.android.gms:play-services-maps:18.0.2] AndroidManifest.xml:26:5-28:35
24        android:glEsVersion="0x00020000"
24-->[com.google.android.gms:play-services-maps:18.0.2] AndroidManifest.xml:27:9-41
25        android:required="true" />
25-->[com.google.android.gms:play-services-maps:18.0.2] AndroidManifest.xml:28:9-32
26
27    <permission
27-->[androidx.core:core:1.13.1] AndroidManifest.xml:22:5-24:47
28        android:name="com.example.secureafenceclient.DYNAMIC_RECEIVER_NOT_EXPORTED_PERMISSION"
28-->[androidx.core:core:1.13.1] AndroidManifest.xml:23:9-81
29        android:protectionLevel="signature" />
29-->[androidx.core:core:1.13.1] AndroidManifest.xml:24:9-44
30
31    <uses-permission android:name="com.example.secureafenceclient.DYNAMIC_RECEIVER_NOT_EXPORTED_PERMISSION" />
31-->[androidx.core:core:1.13.1] AndroidManifest.xml:26:5-97
31-->[androidx.core:core:1.13.1] AndroidManifest.xml:26:22-94
32
33    <application
33-->src\main\AndroidManifest.xml:6:5-25:19
34        android:allowBackup="true"
34-->src\main\AndroidManifest.xml:7:9-35
35        android:appComponentFactory="androidx.core.app.CoreComponentFactory"
35-->[androidx.core:core:1.13.1] AndroidManifest.xml:28:18-86
36        android:debuggable="true"
37        android:extractNativeLibs="false"
37-->INJECTED
38        android:label="@string/app_name"
38-->src\main\AndroidManifest.xml:8:9-41
39        android:supportsRtl="true"
39-->src\main\AndroidManifest.xml:9:9-35
40        android:theme="@style/Theme.SecureAFenceClient" >
40-->src\main\AndroidManifest.xml:10:9-56
41        <activity
41-->src\main\AndroidManifest.xml:12:9-19:20
42            android:name="com.example.secureafenceclient.ui.auth.ClientLoginActivity"
42-->src\main\AndroidManifest.xml:13:13-56
43            android:exported="true" >
43-->src\main\AndroidManifest.xml:14:13-36
44            <intent-filter>
44-->src\main\AndroidManifest.xml:15:13-18:29
45                <action android:name="android.intent.action.MAIN" />
45-->src\main\AndroidManifest.xml:16:17-69
45-->src\main\AndroidManifest.xml:16:25-66
46
47                <category android:name="android.intent.category.LAUNCHER" />
47-->src\main\AndroidManifest.xml:17:17-77
47-->src\main\AndroidManifest.xml:17:27-74
48            </intent-filter>
49        </activity>
50        <activity
50-->src\main\AndroidManifest.xml:21:9-23:40
51            android:name="com.example.secureafenceclient.ui.main.ClientMainActivity"
51-->src\main\AndroidManifest.xml:22:13-55
52            android:exported="false" />
52-->src\main\AndroidManifest.xml:23:13-37
53        <activity
53-->[com.stripe:paymentsheet:20.38.0] AndroidManifest.xml:8:9-12:58
54            android:name="com.stripe.android.paymentsheet.PaymentSheetActivity"
54-->[com.stripe:paymentsheet:20.38.0] AndroidManifest.xml:9:13-80
55            android:exported="false"
55-->[com.stripe:paymentsheet:20.38.0] AndroidManifest.xml:10:13-37
56            android:theme="@style/StripePaymentSheetDefaultTheme"
56-->[com.stripe:paymentsheet:20.38.0] AndroidManifest.xml:11:13-66
57            android:windowSoftInputMode="adjustResize" />
57-->[com.stripe:paymentsheet:20.38.0] AndroidManifest.xml:12:13-55
58        <activity
58-->[com.stripe:paymentsheet:20.38.0] AndroidManifest.xml:13:9-17:58
59            android:name="com.stripe.android.paymentsheet.PaymentOptionsActivity"
59-->[com.stripe:paymentsheet:20.38.0] AndroidManifest.xml:14:13-82
60            android:exported="false"
60-->[com.stripe:paymentsheet:20.38.0] AndroidManifest.xml:15:13-37
61            android:theme="@style/StripePaymentSheetDefaultTheme"
61-->[com.stripe:paymentsheet:20.38.0] AndroidManifest.xml:16:13-66
62            android:windowSoftInputMode="adjustResize" />
62-->[com.stripe:paymentsheet:20.38.0] AndroidManifest.xml:17:13-55
63        <activity
63-->[com.stripe:paymentsheet:20.38.0] AndroidManifest.xml:18:9-22:58
64            android:name="com.stripe.android.customersheet.CustomerSheetActivity"
64-->[com.stripe:paymentsheet:20.38.0] AndroidManifest.xml:19:13-82
65            android:exported="false"
65-->[com.stripe:paymentsheet:20.38.0] AndroidManifest.xml:20:13-37
66            android:theme="@style/StripePaymentSheetDefaultTheme"
66-->[com.stripe:paymentsheet:20.38.0] AndroidManifest.xml:21:13-66
67            android:windowSoftInputMode="adjustResize" />
67-->[com.stripe:paymentsheet:20.38.0] AndroidManifest.xml:22:13-55
68        <activity
68-->[com.stripe:paymentsheet:20.38.0] AndroidManifest.xml:23:9-26:69
69            android:name="com.stripe.android.paymentsheet.addresselement.AddressElementActivity"
69-->[com.stripe:paymentsheet:20.38.0] AndroidManifest.xml:24:13-97
70            android:exported="false"
70-->[com.stripe:paymentsheet:20.38.0] AndroidManifest.xml:25:13-37
71            android:theme="@style/StripePaymentSheetDefaultTheme" />
71-->[com.stripe:paymentsheet:20.38.0] AndroidManifest.xml:26:13-66
72        <activity
72-->[com.stripe:paymentsheet:20.38.0] AndroidManifest.xml:27:9-30:69
73            android:name="com.stripe.android.paymentsheet.paymentdatacollection.bacs.BacsMandateConfirmationActivity"
73-->[com.stripe:paymentsheet:20.38.0] AndroidManifest.xml:28:13-118
74            android:exported="false"
74-->[com.stripe:paymentsheet:20.38.0] AndroidManifest.xml:29:13-37
75            android:theme="@style/StripePaymentSheetDefaultTheme" />
75-->[com.stripe:paymentsheet:20.38.0] AndroidManifest.xml:30:13-66
76        <activity
76-->[com.stripe:paymentsheet:20.38.0] AndroidManifest.xml:31:9-34:69
77            android:name="com.stripe.android.paymentsheet.paymentdatacollection.polling.PollingActivity"
77-->[com.stripe:paymentsheet:20.38.0] AndroidManifest.xml:32:13-105
78            android:exported="false"
78-->[com.stripe:paymentsheet:20.38.0] AndroidManifest.xml:33:13-37
79            android:theme="@style/StripePaymentSheetDefaultTheme" />
79-->[com.stripe:paymentsheet:20.38.0] AndroidManifest.xml:34:13-66
80        <activity
80-->[com.stripe:paymentsheet:20.38.0] AndroidManifest.xml:35:9-38:69
81            android:name="com.stripe.android.paymentsheet.ui.SepaMandateActivity"
81-->[com.stripe:paymentsheet:20.38.0] AndroidManifest.xml:36:13-82
82            android:exported="false"
82-->[com.stripe:paymentsheet:20.38.0] AndroidManifest.xml:37:13-37
83            android:theme="@style/StripePaymentSheetDefaultTheme" />
83-->[com.stripe:paymentsheet:20.38.0] AndroidManifest.xml:38:13-66
84        <activity
84-->[com.stripe:link:20.38.0] AndroidManifest.xml:8:9-13:61
85            android:name="com.stripe.android.link.LinkForegroundActivity"
85-->[com.stripe:link:20.38.0] AndroidManifest.xml:9:13-74
86            android:autoRemoveFromRecents="true"
86-->[com.stripe:link:20.38.0] AndroidManifest.xml:10:13-49
87            android:configChanges="orientation|keyboard|keyboardHidden|screenLayout|screenSize|smallestScreenSize"
87-->[com.stripe:link:20.38.0] AndroidManifest.xml:11:13-115
88            android:launchMode="singleTop"
88-->[com.stripe:link:20.38.0] AndroidManifest.xml:12:13-43
89            android:theme="@style/StripeTransparentTheme" />
89-->[com.stripe:link:20.38.0] AndroidManifest.xml:13:13-58
90        <activity
90-->[com.stripe:link:20.38.0] AndroidManifest.xml:14:9-31:20
91            android:name="com.stripe.android.link.LinkRedirectHandlerActivity"
91-->[com.stripe:link:20.38.0] AndroidManifest.xml:15:13-79
92            android:autoRemoveFromRecents="true"
92-->[com.stripe:link:20.38.0] AndroidManifest.xml:16:13-49
93            android:exported="true"
93-->[com.stripe:link:20.38.0] AndroidManifest.xml:17:13-36
94            android:launchMode="singleInstance"
94-->[com.stripe:link:20.38.0] AndroidManifest.xml:18:13-48
95            android:theme="@style/StripeTransparentTheme" >
95-->[com.stripe:link:20.38.0] AndroidManifest.xml:19:13-58
96            <intent-filter>
96-->[com.stripe:link:20.38.0] AndroidManifest.xml:20:13-30:29
97                <action android:name="android.intent.action.VIEW" />
97-->[com.stripe:link:20.38.0] AndroidManifest.xml:21:17-69
97-->[com.stripe:link:20.38.0] AndroidManifest.xml:21:25-66
98
99                <category android:name="android.intent.category.DEFAULT" />
99-->[com.stripe:link:20.38.0] AndroidManifest.xml:23:17-76
99-->[com.stripe:link:20.38.0] AndroidManifest.xml:23:27-73
100                <category android:name="android.intent.category.BROWSABLE" />
100-->[com.stripe:link:20.38.0] AndroidManifest.xml:24:17-78
100-->[com.stripe:link:20.38.0] AndroidManifest.xml:24:27-75
101
102                <data
102-->[com.stripe:link:20.38.0] AndroidManifest.xml:26:17-29:51
103                    android:host="complete"
103-->[com.stripe:link:20.38.0] AndroidManifest.xml:27:21-44
104                    android:path="/com.example.secureafenceclient"
104-->[com.stripe:link:20.38.0] AndroidManifest.xml:28:21-53
105                    android:scheme="link-popup" />
105-->[com.stripe:link:20.38.0] AndroidManifest.xml:29:21-48
106            </intent-filter>
107        </activity>
108        <activity
108-->[com.stripe:payments-ui-core:20.38.0] AndroidManifest.xml:8:9-11:69
109            android:name="com.stripe.android.ui.core.cardscan.CardScanActivity"
109-->[com.stripe:payments-ui-core:20.38.0] AndroidManifest.xml:9:13-80
110            android:exported="false"
110-->[com.stripe:payments-ui-core:20.38.0] AndroidManifest.xml:10:13-37
111            android:theme="@style/StripePaymentSheetDefaultTheme" />
111-->[com.stripe:payments-ui-core:20.38.0] AndroidManifest.xml:11:13-66
112        <activity
112-->[com.stripe:payments-core:20.38.0] AndroidManifest.xml:15:9-18:57
113            android:name="com.stripe.android.view.AddPaymentMethodActivity"
113-->[com.stripe:payments-core:20.38.0] AndroidManifest.xml:16:13-76
114            android:exported="false"
114-->[com.stripe:payments-core:20.38.0] AndroidManifest.xml:17:13-37
115            android:theme="@style/StripeDefaultTheme" />
115-->[com.stripe:payments-core:20.38.0] AndroidManifest.xml:18:13-54
116        <activity
116-->[com.stripe:payments-core:20.38.0] AndroidManifest.xml:19:9-22:57
117            android:name="com.stripe.android.view.PaymentMethodsActivity"
117-->[com.stripe:payments-core:20.38.0] AndroidManifest.xml:20:13-74
118            android:exported="false"
118-->[com.stripe:payments-core:20.38.0] AndroidManifest.xml:21:13-37
119            android:theme="@style/StripeDefaultTheme" />
119-->[com.stripe:payments-core:20.38.0] AndroidManifest.xml:22:13-54
120        <activity
120-->[com.stripe:payments-core:20.38.0] AndroidManifest.xml:23:9-26:57
121            android:name="com.stripe.android.view.PaymentFlowActivity"
121-->[com.stripe:payments-core:20.38.0] AndroidManifest.xml:24:13-71
122            android:exported="false"
122-->[com.stripe:payments-core:20.38.0] AndroidManifest.xml:25:13-37
123            android:theme="@style/StripeDefaultTheme" />
123-->[com.stripe:payments-core:20.38.0] AndroidManifest.xml:26:13-54
124        <activity
124-->[com.stripe:payments-core:20.38.0] AndroidManifest.xml:27:9-31:58
125            android:name="com.stripe.android.view.PaymentAuthWebViewActivity"
125-->[com.stripe:payments-core:20.38.0] AndroidManifest.xml:28:13-78
126            android:exported="false"
126-->[com.stripe:payments-core:20.38.0] AndroidManifest.xml:29:13-37
127            android:theme="@style/StripeDefaultTheme"
127-->[com.stripe:payments-core:20.38.0] AndroidManifest.xml:30:13-54
128            android:windowSoftInputMode="adjustResize" />
128-->[com.stripe:payments-core:20.38.0] AndroidManifest.xml:31:13-55
129        <activity
129-->[com.stripe:payments-core:20.38.0] AndroidManifest.xml:32:9-35:61
130            android:name="com.stripe.android.view.PaymentRelayActivity"
130-->[com.stripe:payments-core:20.38.0] AndroidManifest.xml:33:13-72
131            android:exported="false"
131-->[com.stripe:payments-core:20.38.0] AndroidManifest.xml:34:13-37
132            android:theme="@style/StripeTransparentTheme" />
132-->[com.stripe:payments-core:20.38.0] AndroidManifest.xml:35:13-58
133        <!--
134        Set android:launchMode="singleTop" so that the StripeBrowserLauncherActivity instance that
135        launched the browser Activity will also handle the return URL deep link.
136        -->
137        <activity
137-->[com.stripe:payments-core:20.38.0] AndroidManifest.xml:41:9-45:61
138            android:name="com.stripe.android.payments.StripeBrowserLauncherActivity"
138-->[com.stripe:payments-core:20.38.0] AndroidManifest.xml:42:13-85
139            android:exported="false"
139-->[com.stripe:payments-core:20.38.0] AndroidManifest.xml:43:13-37
140            android:launchMode="singleTask"
140-->[com.stripe:payments-core:20.38.0] AndroidManifest.xml:44:13-44
141            android:theme="@style/StripeTransparentTheme" />
141-->[com.stripe:payments-core:20.38.0] AndroidManifest.xml:45:13-58
142        <activity
142-->[com.stripe:payments-core:20.38.0] AndroidManifest.xml:46:9-63:20
143            android:name="com.stripe.android.payments.StripeBrowserProxyReturnActivity"
143-->[com.stripe:payments-core:20.38.0] AndroidManifest.xml:47:13-88
144            android:exported="true"
144-->[com.stripe:payments-core:20.38.0] AndroidManifest.xml:48:13-36
145            android:launchMode="singleTask"
145-->[com.stripe:payments-core:20.38.0] AndroidManifest.xml:49:13-44
146            android:theme="@style/StripeTransparentTheme" >
146-->[com.stripe:payments-core:20.38.0] AndroidManifest.xml:50:13-58
147            <intent-filter>
147-->[com.stripe:payments-core:20.38.0] AndroidManifest.xml:51:13-62:29
148                <action android:name="android.intent.action.VIEW" />
148-->[com.stripe:link:20.38.0] AndroidManifest.xml:21:17-69
148-->[com.stripe:link:20.38.0] AndroidManifest.xml:21:25-66
149
150                <category android:name="android.intent.category.DEFAULT" />
150-->[com.stripe:link:20.38.0] AndroidManifest.xml:23:17-76
150-->[com.stripe:link:20.38.0] AndroidManifest.xml:23:27-73
151                <category android:name="android.intent.category.BROWSABLE" />
151-->[com.stripe:link:20.38.0] AndroidManifest.xml:24:17-78
151-->[com.stripe:link:20.38.0] AndroidManifest.xml:24:27-75
152
153                <!-- Must match `DefaultReturnUrl#value`. -->
154                <data
154-->[com.stripe:link:20.38.0] AndroidManifest.xml:26:17-29:51
155                    android:host="payment_return_url"
155-->[com.stripe:link:20.38.0] AndroidManifest.xml:27:21-44
156                    android:path="/com.example.secureafenceclient"
156-->[com.stripe:link:20.38.0] AndroidManifest.xml:28:21-53
157                    android:scheme="stripesdk" />
157-->[com.stripe:link:20.38.0] AndroidManifest.xml:29:21-48
158            </intent-filter>
159        </activity>
160        <activity
160-->[com.stripe:payments-core:20.38.0] AndroidManifest.xml:64:9-67:57
161            android:name="com.stripe.android.payments.core.authentication.threeds2.Stripe3ds2TransactionActivity"
161-->[com.stripe:payments-core:20.38.0] AndroidManifest.xml:65:13-114
162            android:exported="false"
162-->[com.stripe:payments-core:20.38.0] AndroidManifest.xml:66:13-37
163            android:theme="@style/StripeDefaultTheme" />
163-->[com.stripe:payments-core:20.38.0] AndroidManifest.xml:67:13-54
164        <activity
164-->[com.stripe:payments-core:20.38.0] AndroidManifest.xml:68:9-71:66
165            android:name="com.stripe.android.googlepaylauncher.GooglePayLauncherActivity"
165-->[com.stripe:payments-core:20.38.0] AndroidManifest.xml:69:13-90
166            android:exported="false"
166-->[com.stripe:payments-core:20.38.0] AndroidManifest.xml:70:13-37
167            android:theme="@style/StripeGooglePayDefaultTheme" />
167-->[com.stripe:payments-core:20.38.0] AndroidManifest.xml:71:13-63
168        <activity
168-->[com.stripe:payments-core:20.38.0] AndroidManifest.xml:72:9-75:66
169            android:name="com.stripe.android.googlepaylauncher.GooglePayPaymentMethodLauncherActivity"
169-->[com.stripe:payments-core:20.38.0] AndroidManifest.xml:73:13-103
170            android:exported="false"
170-->[com.stripe:payments-core:20.38.0] AndroidManifest.xml:74:13-37
171            android:theme="@style/StripeGooglePayDefaultTheme" />
171-->[com.stripe:payments-core:20.38.0] AndroidManifest.xml:75:13-63
172        <activity
172-->[com.stripe:payments-core:20.38.0] AndroidManifest.xml:76:9-79:68
173            android:name="com.stripe.android.payments.paymentlauncher.PaymentLauncherConfirmationActivity"
173-->[com.stripe:payments-core:20.38.0] AndroidManifest.xml:77:13-107
174            android:exported="false"
174-->[com.stripe:payments-core:20.38.0] AndroidManifest.xml:78:13-37
175            android:theme="@style/StripePayLauncherDefaultTheme" />
175-->[com.stripe:payments-core:20.38.0] AndroidManifest.xml:79:13-65
176        <activity
176-->[com.stripe:payments-core:20.38.0] AndroidManifest.xml:80:9-83:61
177            android:name="com.stripe.android.payments.bankaccount.ui.CollectBankAccountActivity"
177-->[com.stripe:payments-core:20.38.0] AndroidManifest.xml:81:13-97
178            android:exported="false"
178-->[com.stripe:payments-core:20.38.0] AndroidManifest.xml:82:13-37
179            android:theme="@style/StripeTransparentTheme" />
179-->[com.stripe:payments-core:20.38.0] AndroidManifest.xml:83:13-58
180        <activity
180-->[com.stripe:stripe-3ds2-android:6.1.8] AndroidManifest.xml:8:9-11:54
181            android:name="com.stripe.android.stripe3ds2.views.ChallengeActivity"
181-->[com.stripe:stripe-3ds2-android:6.1.8] AndroidManifest.xml:9:13-81
182            android:exported="false"
182-->[com.stripe:stripe-3ds2-android:6.1.8] AndroidManifest.xml:10:13-37
183            android:theme="@style/Stripe3DS2Theme" /> <!-- Needs to be explicitly declared on P+ -->
183-->[com.stripe:stripe-3ds2-android:6.1.8] AndroidManifest.xml:11:13-51
184        <uses-library
184-->[com.google.android.gms:play-services-maps:18.0.2] AndroidManifest.xml:39:9-41:40
185            android:name="org.apache.http.legacy"
185-->[com.google.android.gms:play-services-maps:18.0.2] AndroidManifest.xml:40:13-50
186            android:required="false" />
186-->[com.google.android.gms:play-services-maps:18.0.2] AndroidManifest.xml:41:13-37
187
188        <activity
188-->[com.google.android.gms:play-services-base:18.0.1] AndroidManifest.xml:20:9-22:45
189            android:name="com.google.android.gms.common.api.GoogleApiActivity"
189-->[com.google.android.gms:play-services-base:18.0.1] AndroidManifest.xml:20:19-85
190            android:exported="false"
190-->[com.google.android.gms:play-services-base:18.0.1] AndroidManifest.xml:22:19-43
191            android:theme="@android:style/Theme.Translucent.NoTitleBar" />
191-->[com.google.android.gms:play-services-base:18.0.1] AndroidManifest.xml:21:19-78
192
193        <provider
193-->[androidx.emoji2:emoji2:1.4.0] AndroidManifest.xml:24:9-32:20
194            android:name="androidx.startup.InitializationProvider"
194-->[androidx.emoji2:emoji2:1.4.0] AndroidManifest.xml:25:13-67
195            android:authorities="com.example.secureafenceclient.androidx-startup"
195-->[androidx.emoji2:emoji2:1.4.0] AndroidManifest.xml:26:13-68
196            android:exported="false" >
196-->[androidx.emoji2:emoji2:1.4.0] AndroidManifest.xml:27:13-37
197            <meta-data
197-->[androidx.emoji2:emoji2:1.4.0] AndroidManifest.xml:29:13-31:52
198                android:name="androidx.emoji2.text.EmojiCompatInitializer"
198-->[androidx.emoji2:emoji2:1.4.0] AndroidManifest.xml:30:17-75
199                android:value="androidx.startup" />
199-->[androidx.emoji2:emoji2:1.4.0] AndroidManifest.xml:31:17-49
200            <meta-data
200-->[androidx.lifecycle:lifecycle-process:2.7.0] AndroidManifest.xml:29:13-31:52
201                android:name="androidx.lifecycle.ProcessLifecycleInitializer"
201-->[androidx.lifecycle:lifecycle-process:2.7.0] AndroidManifest.xml:30:17-78
202                android:value="androidx.startup" />
202-->[androidx.lifecycle:lifecycle-process:2.7.0] AndroidManifest.xml:31:17-49
203            <meta-data
203-->[androidx.profileinstaller:profileinstaller:1.3.1] AndroidManifest.xml:29:13-31:52
204                android:name="androidx.profileinstaller.ProfileInstallerInitializer"
204-->[androidx.profileinstaller:profileinstaller:1.3.1] AndroidManifest.xml:30:17-85
205                android:value="androidx.startup" />
205-->[androidx.profileinstaller:profileinstaller:1.3.1] AndroidManifest.xml:31:17-49
206        </provider>
207
208        <meta-data
208-->[com.google.android.gms:play-services-basement:18.0.0] AndroidManifest.xml:21:9-23:69
209            android:name="com.google.android.gms.version"
209-->[com.google.android.gms:play-services-basement:18.0.0] AndroidManifest.xml:22:13-58
210            android:value="@integer/google_play_services_version" />
210-->[com.google.android.gms:play-services-basement:18.0.0] AndroidManifest.xml:23:13-66
211
212        <receiver
212-->[androidx.profileinstaller:profileinstaller:1.3.1] AndroidManifest.xml:34:9-52:20
213            android:name="androidx.profileinstaller.ProfileInstallReceiver"
213-->[androidx.profileinstaller:profileinstaller:1.3.1] AndroidManifest.xml:35:13-76
214            android:directBootAware="false"
214-->[androidx.profileinstaller:profileinstaller:1.3.1] AndroidManifest.xml:36:13-44
215            android:enabled="true"
215-->[androidx.profileinstaller:profileinstaller:1.3.1] AndroidManifest.xml:37:13-35
216            android:exported="true"
216-->[androidx.profileinstaller:profileinstaller:1.3.1] AndroidManifest.xml:38:13-36
217            android:permission="android.permission.DUMP" >
217-->[androidx.profileinstaller:profileinstaller:1.3.1] AndroidManifest.xml:39:13-57
218            <intent-filter>
218-->[androidx.profileinstaller:profileinstaller:1.3.1] AndroidManifest.xml:40:13-42:29
219                <action android:name="androidx.profileinstaller.action.INSTALL_PROFILE" />
219-->[androidx.profileinstaller:profileinstaller:1.3.1] AndroidManifest.xml:41:17-91
219-->[androidx.profileinstaller:profileinstaller:1.3.1] AndroidManifest.xml:41:25-88
220            </intent-filter>
221            <intent-filter>
221-->[androidx.profileinstaller:profileinstaller:1.3.1] AndroidManifest.xml:43:13-45:29
222                <action android:name="androidx.profileinstaller.action.SKIP_FILE" />
222-->[androidx.profileinstaller:profileinstaller:1.3.1] AndroidManifest.xml:44:17-85
222-->[androidx.profileinstaller:profileinstaller:1.3.1] AndroidManifest.xml:44:25-82
223            </intent-filter>
224            <intent-filter>
224-->[androidx.profileinstaller:profileinstaller:1.3.1] AndroidManifest.xml:46:13-48:29
225                <action android:name="androidx.profileinstaller.action.SAVE_PROFILE" />
225-->[androidx.profileinstaller:profileinstaller:1.3.1] AndroidManifest.xml:47:17-88
225-->[androidx.profileinstaller:profileinstaller:1.3.1] AndroidManifest.xml:47:25-85
226            </intent-filter>
227            <intent-filter>
227-->[androidx.profileinstaller:profileinstaller:1.3.1] AndroidManifest.xml:49:13-51:29
228                <action android:name="androidx.profileinstaller.action.BENCHMARK_OPERATION" />
228-->[androidx.profileinstaller:profileinstaller:1.3.1] AndroidManifest.xml:50:17-95
228-->[androidx.profileinstaller:profileinstaller:1.3.1] AndroidManifest.xml:50:25-92
229            </intent-filter>
230        </receiver>
231
232        <meta-data
232-->[com.google.android.instantapps:instantapps:1.1.0] AndroidManifest.xml:10:9-12:33
233            android:name="aia-compat-api-min-version"
233-->[com.google.android.instantapps:instantapps:1.1.0] AndroidManifest.xml:11:13-54
234            android:value="1" />
234-->[com.google.android.instantapps:instantapps:1.1.0] AndroidManifest.xml:12:13-30
235    </application>
236
237</manifest>